Using pre-set license
Built from '2020.2/release' branch; Version is '2020.2.0f1 (3721df5a8b28) revision 3613151'; Using compiler version '192528614'; Build Type 'Release'
OS: 'Windows 10  (10.0.0) 64bit' Language: 'de' Physical Memory: 16243 MB
BatchMode: 1, IsHumanControllingUs: 0, StartBugReporterOnCrash: 0, Is64bit: 1, IsPro: 0

 COMMAND LINE ARGUMENTS:
C:\Program Files\Unity\Hub\Editor\2020.2.0f1\Editor\Unity.exe
-adb2
-batchMode
-noUpm
-name
AssetImportWorker0
-projectPath
C:/Users/nadia/Documents/projects/uied/ARFoundationPlacementIndicator-master
-logFile
Logs/AssetImportWorker0.log
-srvPort
49586
Successfully changed project path to: C:/Users/nadia/Documents/projects/uied/ARFoundationPlacementIndicator-master
C:/Users/nadia/Documents/projects/uied/ARFoundationPlacementIndicator-master
Using Asset Import Pipeline V2.
Refreshing native plugins compatible for Editor in 63.29 ms, found 0 plugins.
Preloading 0 native plugins for Editor in 0.00 ms.
Initialize engine version: 2020.2.0f1 (3721df5a8b28)
[Subsystems] Discovering subsystems at path C:/Program Files/Unity/Hub/Editor/2020.2.0f1/Editor/Data/Resources/UnitySubsystems
[Subsystems] Discovering subsystems at path C:/Users/nadia/Documents/projects/uied/ARFoundationPlacementIndicator-master/Assets
GfxDevice: creating device client; threaded=0
Direct3D:
    Version:  Direct3D 11.0 [level 11.1]
    Renderer: Intel(R) UHD Graphics 620 (ID=0x5917)
    Vendor:   
    VRAM:     8121 MB
    Driver:   27.20.100.8476
Initialize mono
Mono path[0] = 'C:/Program Files/Unity/Hub/Editor/2020.2.0f1/Editor/Data/Managed'
Mono path[1] = 'C:/Program Files/Unity/Hub/Editor/2020.2.0f1/Editor/Data/MonoBleedingEdge/lib/mono/unityjit'
Mono config path = 'C:/Program Files/Unity/Hub/Editor/2020.2.0f1/Editor/Data/MonoBleedingEdge/etc'
Using monoOptions --debugger-agent=transport=dt_socket,embedding=1,server=y,suspend=n,address=127.0.0.1:56296
Begin MonoManager ReloadAssembly
Registering precompiled unity dll's ...
Register platform support module: C:/Program Files/Unity/Hub/Editor/2020.2.0f1/Editor/Data/PlaybackEngines/WindowsStandaloneSupport/UnityEditor.WindowsStandalone.Extensions.dll
Registered in 0.004244 seconds.
Native extension for WindowsStandalone target not found
Refreshing native plugins compatible for Editor in 31.64 ms, found 0 plugins.
Preloading 0 native plugins for Editor in 0.00 ms.
Invoked RoslynAnalysisRunner static constructor.
RoslynAnalysisRunner will not be running.
RoslynAnalysisRunner has terminated.
Mono: successfully reloaded assembly
- Completed reload, in  3.680 seconds
Platform modules already initialized, skipping
Registering precompiled user dll's ...
Registered in 0.002257 seconds.
Begin MonoManager ReloadAssembly
Native extension for WindowsStandalone target not found
Refreshing native plugins compatible for Editor in 0.31 ms, found 0 plugins.
Preloading 0 native plugins for Editor in 0.00 ms.
Invoked RoslynAnalysisRunner static constructor.
RoslynAnalysisRunner will not be running.
RoslynAnalysisRunner has terminated.
Mono: successfully reloaded assembly
- Completed reload, in  1.230 seconds
Platform modules already initialized, skipping
========================================================================
Worker process is ready to serve import requests
Launched and connected shader compiler UnityShaderCompiler.exe after 0.10 seconds
Refreshing native plugins compatible for Editor in 0.40 ms, found 0 plugins.
Preloading 0 native plugins for Editor in 0.00 ms.
Unloading 1386 Unused Serialized files (Serialized files now loaded: 0)
System memory in use before: 65.2 MB.
System memory in use after: 65.3 MB.

Unloading 11 unused Assets to reduce memory usage. Loaded Objects now: 1826.
Total: 1.961700 ms (FindLiveObjects: 0.166100 ms CreateObjectMapping: 0.069300 ms MarkObjects: 1.667000 ms  DeleteObjects: 0.057800 ms)

========================================================================
Received Import Request.
  path: Assets/PlacementIndicator/ARCoreSettings.asset
  artifactKey: Guid(fdd59603f19f1564992f28a9a201b999) Importer(815301076,1909f56bfc062723c751e8b465ee728b)
Start importing Assets/PlacementIndicator/ARCoreSettings.asset using Guid(fdd59603f19f1564992f28a9a201b999) Importer(815301076,1909f56bfc062723c751e8b465ee728b)  -> (artifact id: 'fb1da55bba4bd91904dc8a6e6eafc36f') in 0.035006 seconds
  Import took 0.037498 seconds .

========================================================================
Received Import Request.
  Time since last request: 0.000286 seconds.
  path: Assets/PlacementIndicator/PlacementMarkerBase.mat
  artifactKey: Guid(9a05421f2b998fb47904721de5a88485) Importer(815301076,1909f56bfc062723c751e8b465ee728b)
Start importing Assets/PlacementIndicator/PlacementMarkerBase.mat using Guid(9a05421f2b998fb47904721de5a88485) Importer(815301076,1909f56bfc062723c751e8b465ee728b)  -> (artifact id: '3d5d276c0693e8d43b4987347125a681') in 0.133299 seconds
  Import took 0.135756 seconds .

========================================================================
Received Import Request.
  Time since last request: 0.000321 seconds.
  path: Assets/PlacementIndicator/PlacementMarkerBase.png
  artifactKey: Guid(80086c5436c6736479cb86d65711dc11) Importer(815301076,1909f56bfc062723c751e8b465ee728b)
Start importing Assets/PlacementIndicator/PlacementMarkerBase.png using Guid(80086c5436c6736479cb86d65711dc11) Importer(815301076,1909f56bfc062723c751e8b465ee728b)  -> (artifact id: 'ff6498b3fbe6c4110790360e766de4d5') in 0.096745 seconds
  Import took 0.099054 seconds .

========================================================================
Received Import Request.
  Time since last request: 0.000321 seconds.
  path: Assets/PlacementIndicator/PlacementIndicator.prefab
  artifactKey: Guid(657313ed37665534ca96076d14a7b760) Importer(815301076,1909f56bfc062723c751e8b465ee728b)
Start importing Assets/PlacementIndicator/PlacementIndicator.prefab using Guid(657313ed37665534ca96076d14a7b760) Importer(815301076,1909f56bfc062723c751e8b465ee728b)  -> (artifact id: 'fcb5abe61902cc3a27149df2de810d58') in 0.040150 seconds
  Import took 0.042931 seconds .

========================================================================
Received Prepare
Refreshing native plugins compatible for Editor in 1.66 ms, found 0 plugins.
Preloading 0 native plugins for Editor in 0.00 ms.
Unloading 4 Unused Serialized files (Serialized files now loaded: 0)
System memory in use before: 40.6 MB.
System memory in use after: 40.7 MB.

Unloading 3 unused Assets to reduce memory usage. Loaded Objects now: 1868.
Total: 3.705200 ms (FindLiveObjects: 0.335400 ms CreateObjectMapping: 0.197300 ms MarkObjects: 3.105700 ms  DeleteObjects: 0.059200 ms)

AssetImportWorkerClient::OnTransportError - code=2 error=End of file
